<?xml version="1.0" encoding="UTF-8"?>
<!-- Generated by org.testng.reporters.JUnitXMLReporter -->
<testsuite hostname="DESKTOP-OQ3P6LF" ignored="1" name="Default test" tests="5" failures="0" timestamp="26 Mar 2023 03:09:40 GMT" time="0.167" errors="0">
  <testcase name="launchApplication" time="0.026" classname="practiceTestNG.TestNGTestsWithPriority"/>
  <testcase name="loginToApplication" time="0.006" classname="practiceTestNG.TestNGTestsWithPriority"/>
  <testcase name="replyToAnEmail" time="0.003" classname="practiceTestNG.TestNGTestsWithPriority"/>
  <testcase name="forwardAnEmail" time="0.003" classname="practiceTestNG.TestNGTestsWithPriority"/>
  <testcase name="deleteAnEmail" time="0.007" classname="practiceTestNG.TestNGTestsWithPriority"/>
  <testcase name="composeAndSendAnEmail" time="0.0" classname="practiceTestNG.TestNGTestsWithPriority">
    <ignored/>
  </testcase> <!-- composeAndSendAnEmail -->
</testsuite> <!-- Default test -->
