<?xml version="1.0" encoding="UTF-8"?>
<!-- Generated by org.testng.reporters.JUnitXMLReporter -->
<testsuite hostname="DESKTOP-OQ3P6LF" ignored="2" name="Smoke Test" tests="2" failures="0" timestamp="26 Mar 2023 02:57:38 GMT" time="0.11" errors="0">
  <testcase name="bookFlight" time="0.013" classname="practiceTestNG.PracticeTestNG"/>
  <testcase name="bookCar" time="0.014" classname="practiceTestNG.PracticeTestNG"/>
  <testcase name="bookHotel" time="0.0" classname="practiceTestNG.PracticeTestNG">
    <ignored/>
  </testcase> <!-- bookHotel -->
  <testcase name="bookCruise" time="0.0" classname="practiceTestNG.PracticeTestNG">
    <ignored/>
  </testcase> <!-- bookCruise -->
</testsuite> <!-- Smoke Test -->
